<?xml version="1.0" encoding="UTF-8"?>
<testng-results ignored="0" total="1" passed="1" failed="0" skipped="0">
  <reporter-output>
  </reporter-output>
  <suite started-at="2024-08-06T10:29:35 IST" name="Suite" finished-at="2024-08-06T10:29:47 IST" duration-ms="11662">
    <groups>
    </groups>
    <test started-at="2024-08-06T10:29:35 IST" name="Test" finished-at="2024-08-06T10:29:47 IST" duration-ms="11662">
      <class name="GeneralMethods.WindowsMethods">
        <test-method signature="general()[pri:0, instance:GeneralMethods.WindowsMethods@1530c739]" started-at="2024-08-06T10:29:35 IST" name="general" finished-at="2024-08-06T10:29:46 IST" duration-ms="11559" status="PASS">
          <reporter-output>
          </reporter-output>
        </test-method> <!-- general -->
      </class> <!-- GeneralMethods.WindowsMethods -->
    </test> <!-- Test -->
  </suite> <!-- Suite -->
</testng-results>
